<?xml version="1.0" encoding="UTF-8"?>
<testsuite xmlns:xsi="http://www.w3.org/2001/XMLSchema-instance" xsi:noNamespaceSchemaLocation="https://maven.apache.org/surefire/maven-surefire-plugin/xsd/surefire-test-report-3.0.xsd" version="3.0" name="TestSuite" time="0.957" tests="38" errors="0" skipped="0" failures="0">
  <properties>
[...]
</properties>
  <testcase name="activarSuscripcion_cuandoNoExiste_debeLanzarExcepcion" classname="com.quickbite.service.SuscripcionServiceTest" time="0.004">
    <system-out><![CDATA[...
... TestNG 7.8.0 by Cédric Beust (cedric@beust.com)
...

]]></system-out>
    <system-err><![CDATA[SLF4J: Failed to load class "org.slf4j.impl.StaticLoggerBinder".
SLF4J: Defaulting to no-operation (NOP) logger implementation
SLF4J: See http://www.slf4j.org/codes.html#StaticLoggerBinder for further details.
]]></system-err>
  </testcase>
  <testcase name="activarSuscripcion_cuandoSuscripcionInactiva_debeQuedarActiva" classname="com.quickbite.service.SuscripcionServiceTest" time="0.017"/>
  <testcase name="consultarEstado_cuandoSuscripcionActiva_debeRetornarActiva" classname="com.quickbite.service.SuscripcionServiceTest" time="0.0"/>
  <testcase name="consultarEstado_cuandoSuscripcionNoExiste_debeLanzarExcepcion" classname="com.quickbite.service.SuscripcionServiceTest" time="0.001"/>
  <testcase name="desactivarSuscripcion_cuandoNoExiste_debeLanzarExcepcion" classname="com.quickbite.service.SuscripcionServiceTest" time="0.001"/>
  <testcase name="desactivarSuscripcion_cuandoSuscripcionActiva_debeQuedarInactiva" classname="com.quickbite.service.SuscripcionServiceTest" time="0.001"/>
  <testcase name="obtenerSuscripcionesActivas_cuandoExistenVarias_debeRetornarSoloActivas" classname="com.quickbite.service.SuscripcionServiceTest" time="0.001"/>
  <testcase name="obtenerSuscripcionesActivas_cuandoRepositorioVacio_debeRetornarListaVacia" classname="com.quickbite.service.SuscripcionServiceTest" time="0.0"/>
  <testcase name="obtenerSuscripcionesInactivas_cuandoExistenVarias_debeRetornarSoloInactivas" classname="com.quickbite.service.SuscripcionServiceTest" time="0.001"/>
  <testcase name="registrarSuscripcion_cuandoClienteIdVacio_debeLanzarExcepcion" classname="com.quickbite.service.SuscripcionServiceTest" time="0.001"/>
  <testcase name="registrarSuscripcion_cuandoDatosValidos_debeRetornarSuscripcionActiva" classname="com.quickbite.service.SuscripcionServiceTest" time="0.0"/>
  <testcase name="registrarSuscripcion_cuandoIdDuplicado_debeLanzarExcepcion" classname="com.quickbite.service.SuscripcionServiceTest" time="0.001"/>
  <testcase name="registrarSuscripcion_cuandoIdNulo_debeLanzarExcepcion" classname="com.quickbite.service.SuscripcionServiceTest" time="0.001"/>
  <testcase name="acumularPuntos_cuandoCantidadNegativa_debeLanzarExcepcion" classname="com.quickbite.service.PuntosServiceTest" time="0.001"/>
  <testcase name="acumularPuntos_cuandoSuscripcionActiva_debeIncrementarPuntosDeLealtad" classname="com.quickbite.service.PuntosServiceTest" time="0.002"/>
  <testcase name="acumularPuntos_cuandoSuscripcionInactiva_debeLanzarExcepcion" classname="com.quickbite.service.PuntosServiceTest" time="0.0"/>
  <testcase name="acumularPuntos_cuandoSuscripcionNoExiste_debeLanzarExcepcion" classname="com.quickbite.service.PuntosServiceTest" time="0.001"/>
  <testcase name="canjearRecompensa_cuandoPuntosInsuficientes_debeLanzarExcepcion" classname="com.quickbite.service.PuntosServiceTest" time="0.002"/>
  <testcase name="canjearRecompensa_cuandoPuntosSuficientes_debeDescontarPuntosDeLealtad" classname="com.quickbite.service.PuntosServiceTest" time="0.001"/>
  <testcase name="canjearRecompensa_cuandoRecompensaNoDisponible_debeLanzarExcepcion" classname="com.quickbite.service.PuntosServiceTest" time="0.001"/>
  <testcase name="canjearRecompensa_cuandoSuscripcionInactiva_debeLanzarExcepcion" classname="com.quickbite.service.PuntosServiceTest" time="0.0"/>
  <testcase name="consultarHistorial_cuandoExistenMovimientos_debeRetornarTodos" classname="com.quickbite.service.PuntosServiceTest" time="0.001"/>
  <testcase name="consultarHistorial_cuandoSinMovimientos_debeRetornarListaVacia" classname="com.quickbite.service.PuntosServiceTest" time="0.0"/>
  <testcase name="consultarHistorial_cuandoSuscripcionNoExiste_debeLanzarExcepcion" classname="com.quickbite.service.PuntosServiceTest" time="0.001"/>
  <testcase name="obtenerTotalAcumulado_cuandoSinMovimientos_debeRetornarCero" classname="com.quickbite.service.PuntosServiceTest" time="0.004"/>
  <testcase name="obtenerTotalAcumulado_cuandoVariosPedidos_debeRetornarSumaCorrecta" classname="com.quickbite.service.PuntosServiceTest" time="0.001"/>
  <testcase name="obtenerTotalCanjeado_cuandoVariosCanjes_debeRetornarSumaCorrecta" classname="com.quickbite.service.PuntosServiceTest" time="0.001"/>
  <testcase name="definirReglaAcumulacion_cuandoDatosValidos_debeCrearReglaActiva" classname="com.quickbite.service.ReglasServiceTest" time="0.002"/>
  <testcase name="definirReglaAcumulacion_cuandoIdDuplicado_debeLanzarExcepcion" classname="com.quickbite.service.ReglasServiceTest" time="0.0"/>
  <testcase name="definirReglaAcumulacion_cuandoPuntosCero_debeLanzarExcepcion" classname="com.quickbite.service.ReglasServiceTest" time="0.001"/>
  <testcase name="definirReglaRedencion_cuandoDatosValidos_debeCrearReglaActiva" classname="com.quickbite.service.ReglasServiceTest" time="0.002"/>
  <testcase name="definirReglaRedencion_cuandoIdDuplicado_debeLanzarExcepcion" classname="com.quickbite.service.ReglasServiceTest" time="0.0"/>
  <testcase name="definirReglaRedencion_cuandoPuntosNegativos_debeLanzarExcepcion" classname="com.quickbite.service.ReglasServiceTest" time="0.001"/>
  <testcase name="obtenerReglaAcumulacionActiva_cuandoExisteReglaActiva_debeRetornarla" classname="com.quickbite.service.ReglasServiceTest" time="0.001"/>
  <testcase name="obtenerReglaAcumulacionActiva_cuandoNoHayReglas_debeRetornarOptionalVacio" classname="com.quickbite.service.ReglasServiceTest" time="0.0"/>
  <testcase name="obtenerReglaRedencionActiva_cuandoExisteReglaActiva_debeRetornarla" classname="com.quickbite.service.ReglasServiceTest" time="0.001"/>
  <testcase name="obtenerReglaRedencionActiva_cuandoNoHayReglas_debeRetornarOptionalVacio" classname="com.quickbite.service.ReglasServiceTest" time="0.001"/>
  <testcase name="obtenerReglasAcumulacion_cuandoExisteUnaRegla_debeRetornarListaConUnElemento" classname="com.quickbite.service.ReglasServiceTest" time="0.001"/>
</testsuite>