<?xml version="1.0" encoding="UTF-8"?>
<!-- Generated by org.testng.reporters.JUnitXMLReporter -->
<testsuite ignored="0" hostname="MacBook-Pro-de-danielrojas.local" failures="0" tests="13" name="Pruebas de SuscripcionService (HU-1, HU-2, HU-3, HU-9)" time="0.1" errors="0" timestamp="2026-03-05T13:53:35 CST">
  <testcase classname="com.quickbite.service.SuscripcionServiceTest" name="activarSuscripcion_cuandoNoExiste_debeLanzarExcepcion" time="0.003"/>
  <testcase classname="com.quickbite.service.SuscripcionServiceTest" name="activarSuscripcion_cuandoSuscripcionInactiva_debeQuedarActiva" time="0.021"/>
  <testcase classname="com.quickbite.service.SuscripcionServiceTest" name="consultarEstado_cuandoSuscripcionActiva_debeRetornarActiva" time="0.001"/>
  <testcase classname="com.quickbite.service.SuscripcionServiceTest" name="consultarEstado_cuandoSuscripcionNoExiste_debeLanzarExcepcion" time="0.001"/>
  <testcase classname="com.quickbite.service.SuscripcionServiceTest" name="desactivarSuscripcion_cuandoNoExiste_debeLanzarExcepcion" time="0.0"/>
  <testcase classname="com.quickbite.service.SuscripcionServiceTest" name="desactivarSuscripcion_cuandoSuscripcionActiva_debeQuedarInactiva" time="0.0"/>
  <testcase classname="com.quickbite.service.SuscripcionServiceTest" name="obtenerSuscripcionesActivas_cuandoExistenVarias_debeRetornarSoloActivas" time="0.002"/>
  <testcase classname="com.quickbite.service.SuscripcionServiceTest" name="obtenerSuscripcionesActivas_cuandoRepositorioVacio_debeRetornarListaVacia" time="0.0"/>
  <testcase classname="com.quickbite.service.SuscripcionServiceTest" name="obtenerSuscripcionesInactivas_cuandoExistenVarias_debeRetornarSoloInactivas" time="0.001"/>
  <testcase classname="com.quickbite.service.SuscripcionServiceTest" name="registrarSuscripcion_cuandoClienteIdVacio_debeLanzarExcepcion" time="0.0"/>
  <testcase classname="com.quickbite.service.SuscripcionServiceTest" name="registrarSuscripcion_cuandoDatosValidos_debeRetornarSuscripcionActiva" time="0.001"/>
  <testcase classname="com.quickbite.service.SuscripcionServiceTest" name="registrarSuscripcion_cuandoIdDuplicado_debeLanzarExcepcion" time="0.001"/>
  <testcase classname="com.quickbite.service.SuscripcionServiceTest" name="registrarSuscripcion_cuandoIdNulo_debeLanzarExcepcion" time="0.001"/>
</testsuite> <!-- Pruebas de SuscripcionService (HU-1, HU-2, HU-3, HU-9) -->
