<?xml version="1.0" encoding="UTF-8"?>
<!-- Generated by org.testng.reporters.JUnitXMLReporter -->
<testsuite ignored="0" hostname="MacBook-Pro-de-danielrojas.local" failures="0" tests="14" name="Pruebas de PuntosService (HU-4, HU-5, HU-8, HU-10)" time="0.036" errors="0" timestamp="2026-03-05T13:53:35 CST">
  <testcase classname="com.quickbite.service.PuntosServiceTest" name="acumularPuntos_cuandoCantidadNegativa_debeLanzarExcepcion" time="0.001"/>
  <testcase classname="com.quickbite.service.PuntosServiceTest" name="acumularPuntos_cuandoSuscripcionActiva_debeIncrementarPuntosDeLealtad" time="0.003"/>
  <testcase classname="com.quickbite.service.PuntosServiceTest" name="acumularPuntos_cuandoSuscripcionInactiva_debeLanzarExcepcion" time="0.001"/>
  <testcase classname="com.quickbite.service.PuntosServiceTest" name="acumularPuntos_cuandoSuscripcionNoExiste_debeLanzarExcepcion" time="0.001"/>
  <testcase classname="com.quickbite.service.PuntosServiceTest" name="canjearRecompensa_cuandoPuntosInsuficientes_debeLanzarExcepcion" time="0.003"/>
  <testcase classname="com.quickbite.service.PuntosServiceTest" name="canjearRecompensa_cuandoPuntosSuficientes_debeDescontarPuntosDeLealtad" time="0.001"/>
  <testcase classname="com.quickbite.service.PuntosServiceTest" name="canjearRecompensa_cuandoRecompensaNoDisponible_debeLanzarExcepcion" time="0.0"/>
  <testcase classname="com.quickbite.service.PuntosServiceTest" name="canjearRecompensa_cuandoSuscripcionInactiva_debeLanzarExcepcion" time="0.001"/>
  <testcase classname="com.quickbite.service.PuntosServiceTest" name="consultarHistorial_cuandoExistenMovimientos_debeRetornarTodos" time="0.001"/>
  <testcase classname="com.quickbite.service.PuntosServiceTest" name="consultarHistorial_cuandoSinMovimientos_debeRetornarListaVacia" time="0.001"/>
  <testcase classname="com.quickbite.service.PuntosServiceTest" name="consultarHistorial_cuandoSuscripcionNoExiste_debeLanzarExcepcion" time="0.0"/>
  <testcase classname="com.quickbite.service.PuntosServiceTest" name="obtenerTotalAcumulado_cuandoSinMovimientos_debeRetornarCero" time="0.005"/>
  <testcase classname="com.quickbite.service.PuntosServiceTest" name="obtenerTotalAcumulado_cuandoVariosPedidos_debeRetornarSumaCorrecta" time="0.001"/>
  <testcase classname="com.quickbite.service.PuntosServiceTest" name="obtenerTotalCanjeado_cuandoVariosCanjes_debeRetornarSumaCorrecta" time="0.001"/>
</testsuite> <!-- Pruebas de PuntosService (HU-4, HU-5, HU-8, HU-10) -->
