<?xml version="1.0" encoding="UTF-8"?>
<!-- Generated by org.testng.reporters.JUnitReportReporter -->
<testsuite hostname="MacBook-Pro-de-danielrojas.local" failures="0" tests="11" name="com.quickbite.service.ReglasServiceTest" time="0.012" errors="0" timestamp="2026-03-01T17:44:21 CST" skipped="0">
  <testcase classname="com.quickbite.service.ReglasServiceTest" name="definirReglaRedencion_cuandoPuntosNegativos_debeLanzarExcepcion" time="0.000"/>
  <testcase classname="com.quickbite.service.ReglasServiceTest" name="definirReglaAcumulacion_cuandoDatosValidos_debeCrearReglaActiva" time="0.002"/>
  <testcase classname="com.quickbite.service.ReglasServiceTest" name="obtenerReglasAcumulacion_cuandoExisteUnaRegla_debeRetornarListaConUnElemento" time="0.001"/>
  <testcase classname="com.quickbite.service.ReglasServiceTest" name="obtenerReglaAcumulacionActiva_cuandoNoHayReglas_debeRetornarOptionalVacio" time="0.001"/>
  <testcase classname="com.quickbite.service.ReglasServiceTest" name="definirReglaAcumulacion_cuandoPuntosCero_debeLanzarExcepcion" time="0.000"/>
  <testcase classname="com.quickbite.service.ReglasServiceTest" name="definirReglaRedencion_cuandoIdDuplicado_debeLanzarExcepcion" time="0.002"/>
  <testcase classname="com.quickbite.service.ReglasServiceTest" name="definirReglaRedencion_cuandoDatosValidos_debeCrearReglaActiva" time="0.002"/>
  <testcase classname="com.quickbite.service.ReglasServiceTest" name="obtenerReglaAcumulacionActiva_cuandoExisteReglaActiva_debeRetornarla" time="0.002"/>
  <testcase classname="com.quickbite.service.ReglasServiceTest" name="obtenerReglaRedencionActiva_cuandoNoHayReglas_debeRetornarOptionalVacio" time="0.000"/>
  <testcase classname="com.quickbite.service.ReglasServiceTest" name="definirReglaAcumulacion_cuandoIdDuplicado_debeLanzarExcepcion" time="0.000"/>
  <testcase classname="com.quickbite.service.ReglasServiceTest" name="obtenerReglaRedencionActiva_cuandoExisteReglaActiva_debeRetornarla" time="0.002"/>
</testsuite> <!-- com.quickbite.service.ReglasServiceTest -->
