<?xml version="1.0" encoding="UTF-8"?>
<!-- Generated by org.testng.reporters.JUnitReportReporter -->
<testsuite hostname="MacBook-Pro-de-danielrojas.local" failures="0" tests="13" name="com.quickbite.service.SuscripcionServiceTest" time="0.040" errors="0" timestamp="2026-03-01T17:44:21 CST" skipped="0">
  <testcase classname="com.quickbite.service.SuscripcionServiceTest" name="obtenerSuscripcionesActivas_cuandoRepositorioVacio_debeRetornarListaVacia" time="0.000"/>
  <testcase classname="com.quickbite.service.SuscripcionServiceTest" name="consultarEstado_cuandoSuscripcionActiva_debeRetornarActiva" time="0.000"/>
  <testcase classname="com.quickbite.service.SuscripcionServiceTest" name="registrarSuscripcion_cuandoIdNulo_debeLanzarExcepcion" time="0.001"/>
  <testcase classname="com.quickbite.service.SuscripcionServiceTest" name="obtenerSuscripcionesInactivas_cuandoExistenVarias_debeRetornarSoloInactivas" time="0.001"/>
  <testcase classname="com.quickbite.service.SuscripcionServiceTest" name="consultarEstado_cuandoSuscripcionNoExiste_debeLanzarExcepcion" time="0.001"/>
  <testcase classname="com.quickbite.service.SuscripcionServiceTest" name="activarSuscripcion_cuandoSuscripcionInactiva_debeQuedarActiva" time="0.020"/>
  <testcase classname="com.quickbite.service.SuscripcionServiceTest" name="desactivarSuscripcion_cuandoSuscripcionActiva_debeQuedarInactiva" time="0.001"/>
  <testcase classname="com.quickbite.service.SuscripcionServiceTest" name="obtenerSuscripcionesActivas_cuandoExistenVarias_debeRetornarSoloActivas" time="0.001"/>
  <testcase classname="com.quickbite.service.SuscripcionServiceTest" name="registrarSuscripcion_cuandoClienteIdVacio_debeLanzarExcepcion" time="0.000"/>
  <testcase classname="com.quickbite.service.SuscripcionServiceTest" name="registrarSuscripcion_cuandoIdDuplicado_debeLanzarExcepcion" time="0.009"/>
  <testcase classname="com.quickbite.service.SuscripcionServiceTest" name="activarSuscripcion_cuandoNoExiste_debeLanzarExcepcion" time="0.003"/>
  <testcase classname="com.quickbite.service.SuscripcionServiceTest" name="registrarSuscripcion_cuandoDatosValidos_debeRetornarSuscripcionActiva" time="0.002"/>
  <testcase classname="com.quickbite.service.SuscripcionServiceTest" name="desactivarSuscripcion_cuandoNoExiste_debeLanzarExcepcion" time="0.001"/>
</testsuite> <!-- com.quickbite.service.SuscripcionServiceTest -->
